{
  message: 'Server started on port 4000',
  level: 'info',
  label: 'winston custom format',
  timestamp: 'Jan-30-2023 12:19:53'
}
{
  message: 'Server started on port 4000',
  level: 'info',
  label: 'winston custom format',
  timestamp: 'Jan-30-2023 12:20:15'
}
{
  message: 'Server started on port 4000',
  level: 'info',
  label: 'winston custom format',
  timestamp: 'Jan-30-2023 12:20:29'
}
{
  message: 'Server started on port 4000',
  level: 'info',
  label: 'winston custom format',
  timestamp: 'Jan-30-2023 12:21:11'
}
{
  message: 'Server started on port 4000',
  level: 'info',
  label: 'winston custom format',
  timestamp: 'Jan-30-2023 12:21:29'
}
{
  message: 'Server started on port 4000',
  level: 'info',
  label: 'winston custom format',
  timestamp: 'Jan-30-2023 12:25:32'
}
